<?xml version="1.0" encoding="UTF-8"?>
<testsuite name="RecruitmentTest" tests="1" skipped="0" failures="0" errors="0" timestamp="2022-11-18T14:40:39" hostname="DESKTOP-F2CBTNQ" time="0.013">
  <properties/>
  <testcase name="Test assert converting Roman Number" classname="RecruitmentTest" time="0.013"/>
  <system-out><![CDATA[]]></system-out>
  <system-err><![CDATA[]]></system-err>
</testsuite>
