<?xml version="1.0" encoding="UTF-8"?>
<testsuite name="RecruitmentTest" tests="4" skipped="0" failures="0" errors="0" timestamp="2022-11-16T13:51:38" hostname="DESKTOP-F2CBTNQ" time="0.028">
  <properties/>
  <testcase name="Test assert has Characters Correct Repetitions" classname="RecruitmentTest" time="0.022"/>
  <testcase name="Test assert has Valid Characters" classname="RecruitmentTest" time="0.003"/>
  <testcase name="Test assert converting Roman Number" classname="RecruitmentTest" time="0.001"/>
  <testcase name="Test assert has Character Correct Order" classname="RecruitmentTest" time="0.0"/>
  <system-out><![CDATA[]]></system-out>
  <system-err><![CDATA[]]></system-err>
</testsuite>
